platforms/android/app/build/outputs/logs/manifest-merger-debug-report.txt
-- Merging decision tree log ---
provider#android.support.v4.content.FileProvider
INJECTED from src/main/AndroidManifest.xml:18:9-20:20
	android:grantUriPermissions
		ADDED from src/main/AndroidManifest.xml:18:92-126
	android:authorities
		INJECTED from src/main/AndroidManifest.xml
		ADDED from src/main/AndroidManifest.xml:18:19-66
	android:exported
		ADDED from src/main/AndroidManifest.xml:18:67-91
	android:name
		ADDED from src/main/AndroidManifest.xml:18:127-181
manifest
ADDED from src/main/AndroidManifest.xml:2:1-73:12
INJECTED from src/main/AndroidManifest.xml:2:1-73:12
INJECTED from src/main/AndroidManifest.xml:2:1-73:12
INJECTED from src/main/AndroidManifest.xml:2:1-73:12
MERGED from [com.google.android.gms:play-services-gcm:7.3.0] AndroidManifest.xml:16:1-20:12
MERGED from [com.google.android.gms:play-services-base:7.3.0] AndroidManifest.xml:16:1-26:12
MERGED from [com.android.support:support-v4:26.0.2] AndroidManifest.xml:17:1-31:12
MERGED from [:barcodescanner-release-2.1.5:] AndroidManifest.xml:2:1-14:12
MERGED from [net.zetetic:android-database-sqlcipher:3.5.9] AndroidManifest.xml:2:1-11:12
MERGED from [:corelibs-plugin-4.1.11:] AndroidManifest.xml:2:1-11:12
MERGED from [:Common-3.16.17:] AndroidManifest.xml:2:1-11:12
MERGED from [:Connectivity-3.16.17:] AndroidManifest.xml:2:1-11:12
MERGED from [:ClientHubSLL-3.16.17:] AndroidManifest.xml:2:1-11:12
MERGED from [:CoreServices-3.16.17:] AndroidManifest.xml:2:1-11:12
MERGED from [:Request-3.16.17:] AndroidManifest.xml:2:1-13:12
MERGED from [:DataVaultLib-3.16.17:] AndroidManifest.xml:2:1-11:12
MERGED from [:ClientLog-3.16.17:] AndroidManifest.xml:2:1-11:12
MERGED from [:SupportabilityFacade-3.16.17:] AndroidManifest.xml:2:1-11:12
MERGED from [:HttpConversation-3.16.17:] AndroidManifest.xml:2:1-11:12
MERGED from [:HttpConvAuthFlows-3.16.17:] AndroidManifest.xml:2:1-15:12
MERGED from [:E2ETrace-3.16.17:] AndroidManifest.xml:2:1-11:12
MERGED from [:apppreferences-plugin-4.1.11:] AndroidManifest.xml:2:1-11:12
MERGED from [:i18n-plugin-4.1.11:] AndroidManifest.xml:2:1-11:12
MERGED from [:authproxy-plugin-4.1.11:] AndroidManifest.xml:2:1-11:12
MERGED from [:MAFLogonCore-3.16.17:] AndroidManifest.xml:2:1-11:12
MERGED from [:MAFLogger-3.16.17:] AndroidManifest.xml:2:1-11:12
MERGED from [:CommonCertificateProvider-3.16.17:] AndroidManifest.xml:2:1-11:12
MERGED from [:AfariaProvider-3.16.17:] AndroidManifest.xml:2:1-18:12
MERGED from [:XscriptParser-3.16.17:] AndroidManifest.xml:2:1-11:12
MERGED from [:logon-plugin-4.1.11:] AndroidManifest.xml:2:1-11:12
MERGED from [:appupdate-plugin-4.1.11:] AndroidManifest.xml:2:1-11:12
MERGED from [:attachmentviewer-plugin-4.1.11:] AndroidManifest.xml:2:1-11:12
MERGED from [:calendar-plugin-4.1.11:] AndroidManifest.xml:2:1-11:12
MERGED from [:e2etrace-plugin-4.1.11:] AndroidManifest.xml:2:1-11:12
MERGED from [:encryptedstorage-plugin-4.1.11:] AndroidManifest.xml:2:1-11:12
MERGED from [:logger-plugin-4.1.11:] AndroidManifest.xml:2:1-11:12
MERGED from [com.android.support:multidex:1.0.2] AndroidManifest.xml:17:1-22:12
MERGED from [:ODataAPI-3.16.17:] AndroidManifest.xml:2:1-11:12
MERGED from [:odata-plugin-4.1.11:] AndroidManifest.xml:2:1-11:12
MERGED from [:settings-plugin-4.1.11:] AndroidManifest.xml:2:1-11:12
MERGED from [:pushlegacy-plugin-4.1.11:] AndroidManifest.xml:2:1-11:12
MERGED from [:usage-plugin-4.1.11:] AndroidManifest.xml:2:1-11:12
MERGED from [:Usage-3.16.17:] AndroidManifest.xml:2:1-13:12
MERGED from [:voicerecording-plugin-4.1.11:] AndroidManifest.xml:2:1-11:12
MERGED from [:CordovaLib] AndroidManifest.xml:20:1-27:12
MERGED from [com.android.support:support-media-compat:26.0.2] AndroidManifest.xml:17:1-31:12
MERGED from [com.android.support:support-fragment:26.0.2] AndroidManifest.xml:17:1-31:12
MERGED from [com.android.support:support-core-utils:26.0.2] AndroidManifest.xml:17:1-31:12
MERGED from [com.android.support:support-core-ui:26.0.2] AndroidManifest.xml:17:1-31:12
MERGED from [com.android.support:support-compat:26.0.2] AndroidManifest.xml:17:1-31:12
INJECTED from src/main/AndroidManifest.xml:2:1-73:12
INJECTED from src/main/AndroidManifest.xml:2:1-73:12
INJECTED from src/main/AndroidManifest.xml:2:1-73:12
	package
		ADDED from src/main/AndroidManifest.xml:2:102-160
		INJECTED from src/main/AndroidManifest.xml
		INJECTED from src/main/AndroidManifest.xml
	android:versionName
		ADDED from src/main/AndroidManifest.xml:2:75-101
		INJECTED from src/main/AndroidManifest.xml
		INJECTED from src/main/AndroidManifest.xml
	android:hardwareAccelerated
		ADDED from src/main/AndroidManifest.xml:2:11-45
	xmlns:android
		ADDED from src/main/AndroidManifest.xml:2:161-219
	android:versionCode
		ADDED from src/main/AndroidManifest.xml:2:46-74
		INJECTED from src/main/AndroidManifest.xml
		INJECTED from src/main/AndroidManifest.xml
supports-screens
ADDED from src/main/AndroidManifest.xml:3:5-191
	android:largeScreens
		ADDED from src/main/AndroidManifest.xml:3:49-76
	android:smallScreens
		ADDED from src/main/AndroidManifest.xml:3:132-159
	android:normalScreens
		ADDED from src/main/AndroidManifest.xml:3:77-105
	android:xlargeScreens
		ADDED from src/main/AndroidManifest.xml:3:160-188
	android:resizeable
		ADDED from src/main/AndroidManifest.xml:3:106-131
	android:anyDensity
		ADDED from src/main/AndroidManifest.xml:3:23-48
uses-permission#android.permission.INTERNET
ADDED from src/main/AndroidManifest.xml:4:5-67
	android:name
		ADDED from src/main/AndroidManifest.xml:4:22-64
application
ADDED from src/main/AndroidManifest.xml:5:5-47:19
MERGED from [com.google.android.gms:play-services-gcm:7.3.0] AndroidManifest.xml:19:5-20
MERGED from [com.google.android.gms:play-services-gcm:7.3.0] AndroidManifest.xml:19:5-20
MERGED from [com.google.android.gms:play-services-base:7.3.0] AndroidManifest.xml:20:5-24:19
MERGED from [com.google.android.gms:play-services-base:7.3.0] AndroidManifest.xml:20:5-24:19
MERGED from [com.android.support:support-v4:26.0.2] AndroidManifest.xml:25:5-29:19
MERGED from [com.android.support:support-v4:26.0.2] AndroidManifest.xml:25:5-29:19
MERGED from [:barcodescanner-release-2.1.5:] AndroidManifest.xml:11:5-12:19
MERGED from [:barcodescanner-release-2.1.5:] AndroidManifest.xml:11:5-12:19
MERGED from [:HttpConvAuthFlows-3.16.17:] AndroidManifest.xml:11:5-13:19
MERGED from [:HttpConvAuthFlows-3.16.17:] AndroidManifest.xml:11:5-13:19
MERGED from [:AfariaProvider-3.16.17:] AndroidManifest.xml:11:5-16:19
MERGED from [:AfariaProvider-3.16.17:] AndroidManifest.xml:11:5-16:19
MERGED from [com.android.support:support-media-compat:26.0.2] AndroidManifest.xml:25:5-29:19
MERGED from [com.android.support:support-media-compat:26.0.2] AndroidManifest.xml:25:5-29:19
MERGED from [com.android.support:support-fragment:26.0.2] AndroidManifest.xml:25:5-29:19
MERGED from [com.android.support:support-fragment:26.0.2] AndroidManifest.xml:25:5-29:19
MERGED from [com.android.support:support-core-utils:26.0.2] AndroidManifest.xml:25:5-29:19
MERGED from [com.android.support:support-core-utils:26.0.2] AndroidManifest.xml:25:5-29:19
MERGED from [com.android.support:support-core-ui:26.0.2] AndroidManifest.xml:25:5-29:19
MERGED from [com.android.support:support-core-ui:26.0.2] AndroidManifest.xml:25:5-29:19
MERGED from [com.android.support:support-compat:26.0.2] AndroidManifest.xml:25:5-29:19
MERGED from [com.android.support:support-compat:26.0.2] AndroidManifest.xml:25:5-29:19
	android:supportsRtl
		ADDED from src/main/AndroidManifest.xml:5:242-268
	android:label
		ADDED from src/main/AndroidManifest.xml:5:81-113
	android:hardwareAccelerated
		ADDED from src/main/AndroidManifest.xml:5:18-52
	android:icon
		ADDED from src/main/AndroidManifest.xml:5:53-80
	android:networkSecurityConfig
		ADDED from src/main/AndroidManifest.xml:5:174-241
	android:name
		ADDED from src/main/AndroidManifest.xml:5:114-173
activity#com.sap.webide.x1bfe0d4848174ddd9e95818db6c0f615.MainActivity
ADDED from src/main/AndroidManifest.xml:6:9-17:20
	android:label
		ADDED from src/main/AndroidManifest.xml:6:97-134
	android:launchMode
		ADDED from src/main/AndroidManifest.xml:6:135-165
	android:windowSoftInputMode
		ADDED from src/main/AndroidManifest.xml:6:257-299
	android:configChanges
		ADDED from src/main/AndroidManifest.xml:6:19-96
	android:theme
		ADDED from src/main/AndroidManifest.xml:6:194-256
	android:name
		ADDED from src/main/AndroidManifest.xml:6:166-193
intent-filter#android.intent.action.MAIN+android.intent.category.LAUNCHER
ADDED from src/main/AndroidManifest.xml:7:13-10:29
	android:label
		ADDED from src/main/AndroidManifest.xml:7:28-65
action#android.intent.action.MAIN
ADDED from src/main/AndroidManifest.xml:8:17-69
	android:name
		ADDED from src/main/AndroidManifest.xml:8:25-66
category#android.intent.category.LAUNCHER
ADDED from src/main/AndroidManifest.xml:9:17-77
	android:name
		ADDED from src/main/AndroidManifest.xml:9:27-74
intent-filter#android.intent.action.VIEW+android.intent.category.BROWSABLE+android.intent.category.DEFAULT
ADDED from src/main/AndroidManifest.xml:11:13-16:29
action#android.intent.action.VIEW
ADDED from src/main/AndroidManifest.xml:12:17-69
	android:name
		ADDED from src/main/AndroidManifest.xml:12:25-66
category#android.intent.category.DEFAULT
ADDED from src/main/AndroidManifest.xml:13:17-76
	android:name
		ADDED from src/main/AndroidManifest.xml:13:27-73
category#android.intent.category.BROWSABLE
ADDED from src/main/AndroidManifest.xml:14:17-78
	android:name
		ADDED from src/main/AndroidManifest.xml:14:27-75
data
ADDED from src/main/AndroidManifest.xml:15:17-104
	android:scheme
		ADDED from src/main/AndroidManifest.xml:15:23-101
activity#com.sap.mp.cordova.plugins.apppreferences.PrefsActivity
ADDED from src/main/AndroidManifest.xml:21:9-221
	android:configChanges
		ADDED from src/main/AndroidManifest.xml:21:19-96
	android:theme
		ADDED from src/main/AndroidManifest.xml:21:168-218
	android:name
		ADDED from src/main/AndroidManifest.xml:21:97-167
activity#com.sap.smp.client.httpc.authflows.SAML2AuthActivity
ADDED from src/main/AndroidManifest.xml:22:9-201
	android:excludeFromRecents
		ADDED from src/main/AndroidManifest.xml:22:97-130
	android:configChanges
		ADDED from src/main/AndroidManifest.xml:22:19-96
	android:name
		ADDED from src/main/AndroidManifest.xml:22:131-198
activity#com.sap.smp.client.httpc.authflows.OTPAuthActivity
ADDED from src/main/AndroidManifest.xml:23:9-199
	android:excludeFromRecents
		ADDED from src/main/AndroidManifest.xml:23:97-130
	android:configChanges
		ADDED from src/main/AndroidManifest.xml:23:19-96
	android:name
		ADDED from src/main/AndroidManifest.xml:23:131-196
activity#com.sap.mp.cordova.plugins.authProxy.AuthProxyOTPAuthActivity
ADDED from src/main/AndroidManifest.xml:24:9-210
	android:excludeFromRecents
		ADDED from src/main/AndroidManifest.xml:24:97-130
	android:configChanges
		ADDED from src/main/AndroidManifest.xml:24:19-96
	android:name
		ADDED from src/main/AndroidManifest.xml:24:131-207
meta-data#com.sap.afaria
ADDED from src/main/AndroidManifest.xml:25:9-136
	android:value
		ADDED from src/main/AndroidManifest.xml:25:50-133
	android:name
		ADDED from src/main/AndroidManifest.xml:25:20-49
meta-data#android.content.APP_RESTRICTIONS
ADDED from src/main/AndroidManifest.xml:26:9-107
	android:resource
		ADDED from src/main/AndroidManifest.xml:26:68-104
	android:name
		ADDED from src/main/AndroidManifest.xml:26:20-67
meta-data#com.sap.SystemCertProvider
ADDED from src/main/AndroidManifest.xml:27:9-125
	android:value
		ADDED from src/main/AndroidManifest.xml:27:62-122
	android:name
		ADDED from src/main/AndroidManifest.xml:27:20-61
provider#com.sap.mp.cordova.plugins.attachmentViewer.FileProviderWithWorkaround
ADDED from src/main/AndroidManifest.xml:28:9-30:20
	android:grantUriPermissions
		ADDED from src/main/AndroidManifest.xml:28:138-172
	android:authorities
		ADDED from src/main/AndroidManifest.xml:28:19-112
	android:exported
		ADDED from src/main/AndroidManifest.xml:28:113-137
	android:name
		ADDED from src/main/AndroidManifest.xml:28:173-258
meta-data#android.support.FILE_PROVIDER_PATHS
ADDED from src/main/AndroidManifest.xml:29:13-111
	android:resource
		ADDED from src/main/AndroidManifest.xml:29:75-108
	android:name
		ADDED from src/main/AndroidManifest.xml:29:24-74
activity#com.google.zxing.client.android.CaptureActivity
ADDED from src/main/AndroidManifest.xml:31:9-311
	android:clearTaskOnLaunch
		ADDED from src/main/AndroidManifest.xml:31:19-51
	android:windowSoftInputMode
		ADDED from src/main/AndroidManifest.xml:31:261-308
	android:exported
		ADDED from src/main/AndroidManifest.xml:31:114-138
	android:configChanges
		ADDED from src/main/AndroidManifest.xml:31:52-113
	android:theme
		ADDED from src/main/AndroidManifest.xml:31:202-260
	android:name
		ADDED from src/main/AndroidManifest.xml:31:139-201
activity#com.google.zxing.client.android.encode.EncodeActivity
ADDED from src/main/AndroidManifest.xml:32:9-112
	android:label
		ADDED from src/main/AndroidManifest.xml:32:19-40
	android:name
		ADDED from src/main/AndroidManifest.xml:32:41-109
provider#com.sap.mp.cordova.plugins.logger.LoggerFileProvider
ADDED from src/main/AndroidManifest.xml:33:9-35:20
	android:grantUriPermissions
		ADDED from src/main/AndroidManifest.xml:33:128-162
	android:authorities
		ADDED from src/main/AndroidManifest.xml:33:19-102
	android:exported
		ADDED from src/main/AndroidManifest.xml:33:103-127
	android:name
		ADDED from src/main/AndroidManifest.xml:33:163-230
service#com.sap.mp.cordova.plugins.odata.RefreshIntentService
ADDED from src/main/AndroidManifest.xml:36:9-114
	android:exported
		ADDED from src/main/AndroidManifest.xml:36:18-42
	android:name
		ADDED from src/main/AndroidManifest.xml:36:43-111
activity#com.sap.mp.push.PushHandlerActivity
ADDED from src/main/AndroidManifest.xml:37:9-72
	android:name
		ADDED from src/main/AndroidManifest.xml:37:19-69
receiver#com.sap.mp.push.PushGCMBroadCastReciever
ADDED from src/main/AndroidManifest.xml:38:9-44:20
	android:permission
		ADDED from src/main/AndroidManifest.xml:38:75-135
	android:name
		ADDED from src/main/AndroidManifest.xml:38:19-74
intent-filter#com.google.android.c2dm.intent.RECEIVE+com.google.android.c2dm.intent.REGISTRATION+com.sap.webide.x1bfe0d4848174ddd9e95818db6c0f615
ADDED from src/main/AndroidManifest.xml:39:13-43:29
action#com.google.android.c2dm.intent.RECEIVE
ADDED from src/main/AndroidManifest.xml:40:17-81
	android:name
		ADDED from src/main/AndroidManifest.xml:40:25-78
action#com.google.android.c2dm.intent.REGISTRATION
ADDED from src/main/AndroidManifest.xml:41:17-86
	android:name
		ADDED from src/main/AndroidManifest.xml:41:25-83
category#com.sap.webide.x1bfe0d4848174ddd9e95818db6c0f615
ADDED from src/main/AndroidManifest.xml:42:17-93
	android:name
		ADDED from src/main/AndroidManifest.xml:42:27-90
service#com.sap.mp.push.PushIntentService
ADDED from src/main/AndroidManifest.xml:45:9-69
	android:name
		ADDED from src/main/AndroidManifest.xml:45:18-66
meta-data#com.google.android.gms.version
ADDED from src/main/AndroidManifest.xml:46:9-122
MERGED from [com.google.android.gms:play-services-base:7.3.0] AndroidManifest.xml:21:9-23:69
MERGED from [com.google.android.gms:play-services-base:7.3.0] AndroidManifest.xml:21:9-23:69
	android:value
		ADDED from src/main/AndroidManifest.xml:46:66-119
	android:name
		ADDED from src/main/AndroidManifest.xml:46:20-65
uses-sdk
ADDED from src/main/AndroidManifest.xml:48:5-74
INJECTED from src/main/AndroidManifest.xml:48:5-74
MERGED from [com.google.android.gms:play-services-gcm:7.3.0] AndroidManifest.xml:18:5-42
MERGED from [com.google.android.gms:play-services-gcm:7.3.0] AndroidManifest.xml:18:5-42
MERGED from [com.google.android.gms:play-services-base:7.3.0] AndroidManifest.xml:18:5-42
MERGED from [com.google.android.gms:play-services-base:7.3.0] AndroidManifest.xml:18:5-42
MERGED from [com.android.support:support-v4:26.0.2] AndroidManifest.xml:21:5-23:54
MERGED from [com.android.support:support-v4:26.0.2] AndroidManifest.xml:21:5-23:54
MERGED from [:barcodescanner-release-2.1.5:] AndroidManifest.xml:7:5-9:41
MERGED from [:barcodescanner-release-2.1.5:] AndroidManifest.xml:7:5-9:41
MERGED from [net.zetetic:android-database-sqlcipher:3.5.9] AndroidManifest.xml:7:5-9:41
MERGED from [net.zetetic:android-database-sqlcipher:3.5.9] AndroidManifest.xml:7:5-9:41
MERGED from [:corelibs-plugin-4.1.11:] AndroidManifest.xml:7:5-9:41
MERGED from [:corelibs-plugin-4.1.11:] AndroidManifest.xml:7:5-9:41
MERGED from [:Common-3.16.17:] AndroidManifest.xml:7:5-9:41
MERGED from [:Common-3.16.17:] AndroidManifest.xml:7:5-9:41
MERGED from [:Connectivity-3.16.17:] AndroidManifest.xml:7:5-9:41
MERGED from [:Connectivity-3.16.17:] AndroidManifest.xml:7:5-9:41
MERGED from [:ClientHubSLL-3.16.17:] AndroidManifest.xml:7:5-9:41
MERGED from [:ClientHubSLL-3.16.17:] AndroidManifest.xml:7:5-9:41
MERGED from [:CoreServices-3.16.17:] AndroidManifest.xml:7:5-9:41
MERGED from [:CoreServices-3.16.17:] AndroidManifest.xml:7:5-9:41
MERGED from [:Request-3.16.17:] AndroidManifest.xml:7:5-9:41
MERGED from [:Request-3.16.17:] AndroidManifest.xml:7:5-9:41
MERGED from [:DataVaultLib-3.16.17:] AndroidManifest.xml:7:5-9:41
MERGED from [:DataVaultLib-3.16.17:] AndroidManifest.xml:7:5-9:41
MERGED from [:ClientLog-3.16.17:] AndroidManifest.xml:7:5-9:41
MERGED from [:ClientLog-3.16.17:] AndroidManifest.xml:7:5-9:41
MERGED from [:SupportabilityFacade-3.16.17:] AndroidManifest.xml:7:5-9:41
MERGED from [:SupportabilityFacade-3.16.17:] AndroidManifest.xml:7:5-9:41
MERGED from [:HttpConversation-3.16.17:] AndroidManifest.xml:7:5-9:41
MERGED from [:HttpConversation-3.16.17:] AndroidManifest.xml:7:5-9:41
MERGED from [:HttpConvAuthFlows-3.16.17:] AndroidManifest.xml:7:5-9:41
MERGED from [:HttpConvAuthFlows-3.16.17:] AndroidManifest.xml:7:5-9:41
MERGED from [:E2ETrace-3.16.17:] AndroidManifest.xml:7:5-9:41
MERGED from [:E2ETrace-3.16.17:] AndroidManifest.xml:7:5-9:41
MERGED from [:apppreferences-plugin-4.1.11:] AndroidManifest.xml:7:5-9:41
MERGED from [:apppreferences-plugin-4.1.11:] AndroidManifest.xml:7:5-9:41
MERGED from [:i18n-plugin-4.1.11:] AndroidManifest.xml:7:5-9:41
MERGED from [:i18n-plugin-4.1.11:] AndroidManifest.xml:7:5-9:41
MERGED from [:authproxy-plugin-4.1.11:] AndroidManifest.xml:7:5-9:41
MERGED from [:authproxy-plugin-4.1.11:] AndroidManifest.xml:7:5-9:41
MERGED from [:MAFLogonCore-3.16.17:] AndroidManifest.xml:7:5-9:41
MERGED from [:MAFLogonCore-3.16.17:] AndroidManifest.xml:7:5-9:41
MERGED from [:MAFLogger-3.16.17:] AndroidManifest.xml:7:5-9:41
MERGED from [:MAFLogger-3.16.17:] AndroidManifest.xml:7:5-9:41
MERGED from [:CommonCertificateProvider-3.16.17:] AndroidManifest.xml:7:5-9:41
MERGED from [:CommonCertificateProvider-3.16.17:] AndroidManifest.xml:7:5-9:41
MERGED from [:AfariaProvider-3.16.17:] AndroidManifest.xml:7:5-9:41
MERGED from [:AfariaProvider-3.16.17:] AndroidManifest.xml:7:5-9:41
MERGED from [:XscriptParser-3.16.17:] AndroidManifest.xml:7:5-9:41
MERGED from [:XscriptParser-3.16.17:] AndroidManifest.xml:7:5-9:41
MERGED from [:logon-plugin-4.1.11:] AndroidManifest.xml:7:5-9:41
MERGED from [:logon-plugin-4.1.11:] AndroidManifest.xml:7:5-9:41
MERGED from [:appupdate-plugin-4.1.11:] AndroidManifest.xml:7:5-9:41
MERGED from [:appupdate-plugin-4.1.11:] AndroidManifest.xml:7:5-9:41
MERGED from [:attachmentviewer-plugin-4.1.11:] AndroidManifest.xml:7:5-9:41
MERGED from [:attachmentviewer-plugin-4.1.11:] AndroidManifest.xml:7:5-9:41
MERGED from [:calendar-plugin-4.1.11:] AndroidManifest.xml:7:5-9:41
MERGED from [:calendar-plugin-4.1.11:] AndroidManifest.xml:7:5-9:41
MERGED from [:e2etrace-plugin-4.1.11:] AndroidManifest.xml:7:5-9:41
MERGED from [:e2etrace-plugin-4.1.11:] AndroidManifest.xml:7:5-9:41
MERGED from [:encryptedstorage-plugin-4.1.11:] AndroidManifest.xml:7:5-9:41
MERGED from [:encryptedstorage-plugin-4.1.11:] AndroidManifest.xml:7:5-9:41
MERGED from [:logger-plugin-4.1.11:] AndroidManifest.xml:7:5-9:41
MERGED from [:logger-plugin-4.1.11:] AndroidManifest.xml:7:5-9:41
MERGED from [com.android.support:multidex:1.0.2] AndroidManifest.xml:20:5-43
MERGED from [com.android.support:multidex:1.0.2] AndroidManifest.xml:20:5-43
MERGED from [:ODataAPI-3.16.17:] AndroidManifest.xml:7:5-9:41
MERGED from [:ODataAPI-3.16.17:] AndroidManifest.xml:7:5-9:41
MERGED from [:odata-plugin-4.1.11:] AndroidManifest.xml:7:5-9:41
MERGED from [:odata-plugin-4.1.11:] AndroidManifest.xml:7:5-9:41
MERGED from [:settings-plugin-4.1.11:] AndroidManifest.xml:7:5-9:41
MERGED from [:settings-plugin-4.1.11:] AndroidManifest.xml:7:5-9:41
MERGED from [:pushlegacy-plugin-4.1.11:] AndroidManifest.xml:7:5-9:41
MERGED from [:pushlegacy-plugin-4.1.11:] AndroidManifest.xml:7:5-9:41
MERGED from [:usage-plugin-4.1.11:] AndroidManifest.xml:7:5-9:41
MERGED from [:usage-plugin-4.1.11:] AndroidManifest.xml:7:5-9:41
MERGED from [:Usage-3.16.17:] AndroidManifest.xml:7:5-9:41
MERGED from [:Usage-3.16.17:] AndroidManifest.xml:7:5-9:41
MERGED from [:voicerecording-plugin-4.1.11:] AndroidManifest.xml:7:5-9:41
MERGED from [:voicerecording-plugin-4.1.11:] AndroidManifest.xml:7:5-9:41
MERGED from [:CordovaLib] AndroidManifest.xml:25:5-44
MERGED from [:CordovaLib] AndroidManifest.xml:25:5-44
MERGED from [com.android.support:support-media-compat:26.0.2] AndroidManifest.xml:21:5-23:63
MERGED from [com.android.support:support-media-compat:26.0.2] AndroidManifest.xml:21:5-23:63
MERGED from [com.android.support:support-fragment:26.0.2] AndroidManifest.xml:21:5-23:60
MERGED from [com.android.support:support-fragment:26.0.2] AndroidManifest.xml:21:5-23:60
MERGED from [com.android.support:support-core-utils:26.0.2] AndroidManifest.xml:21:5-23:61
MERGED from [com.android.support:support-core-utils:26.0.2] AndroidManifest.xml:21:5-23:61
MERGED from [com.android.support:support-core-ui:26.0.2] AndroidManifest.xml:21:5-23:58
MERGED from [com.android.support:support-core-ui:26.0.2] AndroidManifest.xml:21:5-23:58
MERGED from [com.android.support:support-compat:26.0.2] AndroidManifest.xml:21:5-23:58
MERGED from [com.android.support:support-compat:26.0.2] AndroidManifest.xml:21:5-23:58
INJECTED from src/main/AndroidManifest.xml:48:5-74
	tools:overrideLibrary
		ADDED from [com.android.support:support-v4:26.0.2] AndroidManifest.xml:23:9-51
	android:targetSdkVersion
		ADDED from src/main/AndroidManifest.xml:48:42-71
	android:minSdkVersion
		ADDED from src/main/AndroidManifest.xml:48:15-41
		INJECTED from src/main/AndroidManifest.xml
		INJECTED from src/main/AndroidManifest.xml
uses-permission#android.permission.WRITE_EXTERNAL_STORAGE
ADDED from src/main/AndroidManifest.xml:49:5-81
	android:name
		ADDED from src/main/AndroidManifest.xml:49:22-78
uses-permission#android.permission.READ_CONTACTS
ADDED from src/main/AndroidManifest.xml:50:5-72
	android:name
		ADDED from src/main/AndroidManifest.xml:50:22-69
uses-permission#android.permission.WRITE_CONTACTS
ADDED from src/main/AndroidManifest.xml:51:5-73
	android:name
		ADDED from src/main/AndroidManifest.xml:51:22-70
uses-permission#android.permission.GET_ACCOUNTS
ADDED from src/main/AndroidManifest.xml:52:5-71
	android:name
		ADDED from src/main/AndroidManifest.xml:52:22-68
uses-permission#android.permission.ACCESS_COARSE_LOCATION
ADDED from src/main/AndroidManifest.xml:53:5-81
	android:name
		ADDED from src/main/AndroidManifest.xml:53:22-78
uses-permission#android.permission.ACCESS_FINE_LOCATION
ADDED from src/main/AndroidManifest.xml:54:5-79
	android:name
		ADDED from src/main/AndroidManifest.xml:54:22-76
uses-feature#android.hardware.location.gps
ADDED from src/main/AndroidManifest.xml:55:5-66
	android:name
		ADDED from src/main/AndroidManifest.xml:55:19-63
uses-permission#android.permission.ACCESS_NETWORK_STATE
ADDED from src/main/AndroidManifest.xml:56:5-79
MERGED from [:Request-3.16.17:] AndroidManifest.xml:11:5-79
MERGED from [:Request-3.16.17:] AndroidManifest.xml:11:5-79
MERGED from [:Usage-3.16.17:] AndroidManifest.xml:11:5-79
MERGED from [:Usage-3.16.17:] AndroidManifest.xml:11:5-79
	android:name
		ADDED from src/main/AndroidManifest.xml:56:22-76
uses-permission#android.permission.READ_EXTERNAL_STORAGE
ADDED from src/main/AndroidManifest.xml:57:5-80
	android:name
		ADDED from src/main/AndroidManifest.xml:57:22-77
uses-permission#com.sap.mobile.clientHub.CLIENTHUB_ACCESS_PERMISSION
ADDED from src/main/AndroidManifest.xml:58:5-92
	android:name
		ADDED from src/main/AndroidManifest.xml:58:22-89
uses-permission#android.permission.USE_FINGERPRINT
ADDED from src/main/AndroidManifest.xml:59:5-74
	android:name
		ADDED from src/main/AndroidManifest.xml:59:22-71
uses-permission#android.permission.CAMERA
ADDED from src/main/AndroidManifest.xml:60:5-65
	android:name
		ADDED from src/main/AndroidManifest.xml:60:22-62
uses-permission#android.permission.FLASHLIGHT
ADDED from src/main/AndroidManifest.xml:61:5-69
	android:name
		ADDED from src/main/AndroidManifest.xml:61:22-66
uses-feature#android.hardware.camera
ADDED from src/main/AndroidManifest.xml:62:5-84
	android:required
		ADDED from src/main/AndroidManifest.xml:62:58-81
	android:name
		ADDED from src/main/AndroidManifest.xml:62:19-57
uses-permission#android.permission.READ_CALENDAR
ADDED from src/main/AndroidManifest.xml:63:5-72
	android:name
		ADDED from src/main/AndroidManifest.xml:63:22-69
uses-permission#android.permission.WRITE_CALENDAR
ADDED from src/main/AndroidManifest.xml:64:5-73
	android:name
		ADDED from src/main/AndroidManifest.xml:64:22-70
uses-permission#android.permission.VIBRATE
ADDED from src/main/AndroidManifest.xml:65:5-66
	android:name
		ADDED from src/main/AndroidManifest.xml:65:22-63
uses-permission#android.permission.GET_TASKS
ADDED from src/main/AndroidManifest.xml:66:5-68
	android:name
		ADDED from src/main/AndroidManifest.xml:66:22-65
uses-permission#android.permission.WAKE_LOCK
ADDED from src/main/AndroidManifest.xml:67:5-68
	android:name
		ADDED from src/main/AndroidManifest.xml:67:22-65
uses-permission#com.google.android.c2dm.permission.RECEIVE
ADDED from src/main/AndroidManifest.xml:68:5-82
	android:name
		ADDED from src/main/AndroidManifest.xml:68:22-79
permission#com.sap.webide.x1bfe0d4848174ddd9e95818db6c0f615.permission.C2D_MESSAGE
ADDED from src/main/AndroidManifest.xml:69:5-142
	android:protectionLevel
		ADDED from src/main/AndroidManifest.xml:69:104-139
	android:name
		ADDED from src/main/AndroidManifest.xml:69:17-103
uses-permission#com.sap.webide.x1bfe0d4848174ddd9e95818db6c0f615.permission.C2D_MESSAGE
ADDED from src/main/AndroidManifest.xml:70:5-111
	android:name
		ADDED from src/main/AndroidManifest.xml:70:22-108
uses-permission#android.permission.RECORD_AUDIO
ADDED from src/main/AndroidManifest.xml:71:5-71
	android:name
		ADDED from src/main/AndroidManifest.xml:71:22-68
uses-permission#android.permission.MODIFY_AUDIO_SETTINGS
ADDED from src/main/AndroidManifest.xml:72:5-80
	android:name
		ADDED from src/main/AndroidManifest.xml:72:22-77
meta-data#android.support.VERSION
ADDED from [com.android.support:support-v4:26.0.2] AndroidManifest.xml:26:9-28:38
MERGED from [com.android.support:support-media-compat:26.0.2] AndroidManifest.xml:26:9-28:38
MERGED from [com.android.support:support-media-compat:26.0.2] AndroidManifest.xml:26:9-28:38
MERGED from [com.android.support:support-fragment:26.0.2] AndroidManifest.xml:26:9-28:38
MERGED from [com.android.support:support-fragment:26.0.2] AndroidManifest.xml:26:9-28:38
MERGED from [com.android.support:support-core-utils:26.0.2] AndroidManifest.xml:26:9-28:38
MERGED from [com.android.support:support-core-utils:26.0.2] AndroidManifest.xml:26:9-28:38
MERGED from [com.android.support:support-core-ui:26.0.2] AndroidManifest.xml:26:9-28:38
MERGED from [com.android.support:support-core-ui:26.0.2] AndroidManifest.xml:26:9-28:38
MERGED from [com.android.support:support-compat:26.0.2] AndroidManifest.xml:26:9-28:38
MERGED from [com.android.support:support-compat:26.0.2] AndroidManifest.xml:26:9-28:38
	android:value
		ADDED from [com.android.support:support-v4:26.0.2] AndroidManifest.xml:28:13-35
	android:name
		ADDED from [com.android.support:support-v4:26.0.2] AndroidManifest.xml:27:13-51
activity#com.sap.smp.client.httpc.authflows.oauth2.OAuth2AuthActivity
ADDED from [:HttpConvAuthFlows-3.16.17:] AndroidManifest.xml:12:9-97
	android:name
		ADDED from [:HttpConvAuthFlows-3.16.17:] AndroidManifest.xml:12:19-94
activity#com.sap.smp.client.android.afariaprovider.ProviderActivity
ADDED from [:AfariaProvider-3.16.17:] AndroidManifest.xml:12:9-15:63
	android:label
		ADDED from [:AfariaProvider-3.16.17:] AndroidManifest.xml:14:13-57
	android:theme
		ADDED from [:AfariaProvider-3.16.17:] AndroidManifest.xml:15:13-60
	android:name
		ADDED from [:AfariaProvider-3.16.17:] AndroidManifest.xml:13:13-86